<?xml version="1.0" encoding="UTF-8"?>
<!-- Generated by org.testng.reporters.JUnitReportReporter -->
<testsuite hostname="Rahuls-MacBook-Air.local" failures="0" tests="1" name="test.java.com.java8Feature.tests.OrangeHomeScreen" time="8.491" errors="0" timestamp="01 Mar 2024 05:07:26 GMT" skipped="0">
  <testcase classname="test.java.com.java8Feature.tests.OrangeHomeScreen" name="verifyHome" time="8.491"/>
</testsuite> <!-- test.java.com.java8Feature.tests.OrangeHomeScreen -->
