<?xml version="1.0" encoding="UTF-8"?>
<!-- Generated by org.testng.reporters.JUnitReportReporter -->
<testsuite hostname="Rahuls-MacBook-Air.local" failures="0" tests="1" name="test.java.DriverTest" time="30.059" errors="0" timestamp="28 Feb 2024 06:09:19 GMT" skipped="0">
  <testcase classname="test.java.DriverTest" name="googleTest" time="30.059"/>
</testsuite> <!-- test.java.DriverTest -->
